

Microchip Technology PIC18 LITE Macro Assembler V1.32 build 58300 
                                                                                               Fri Sep 05 10:52:42 2014

Microchip Technology Omniscient Code Generator (Lite mode) build 58300
     1                           	processor	18F4550
     2                           	fnconf	rparam,??,?,0
     3                           	opt	pw 120
     4                           	opt	lm
     5                           	psect	text0,global,reloc=2,class=CODE,delta=1
     6                           	psect	cinit,global,reloc=2,class=CODE,delta=1
     7                           	psect	cstackCOMRAM,global,class=COMRAM,space=1,delta=1
     8                           	psect	intsave_regs,global,class=BIGRAM,space=1,delta=1
     9                           	psect	rparam,global,class=COMRAM,space=1,delta=1
    10  0000                     _PORTBbits	set	3969
    11  0000                     _TRISBbits	set	3987
    12  0000                     _LATB0	set	31824
    13                           
    14                           ; 0 bytes @ 0x5
    15 ;;
    16 ;;Main: autosize = 0, tempsize = 0, incstack = 0, save=0
    17 ;;
    18 ;; *************** function _main *****************
    19 ;; Defined at:
    20 ;;		line 85 in file "main.c"
    21 ;; Parameters:    Size  Location     Type
    22 ;;  argc            2    0[COMRAM] int 
    23 ;;  argv            3    2[COMRAM] PTR PTR unsigned char 
    24 ;; Auto vars:     Size  Location     Type
    25 ;;		None
    26 ;; Return value:  Size  Location     Type
    27 ;;                  2    0[COMRAM] int 
    28 ;; Registers used:
    29 ;;		None
    30 ;; Tracked objects:
    31 ;;		On entry : 0/0
    32 ;;		On exit  : 0/0
    33 ;;		Unchanged: 0/0
    34 ;; Data sizes:     COMRAM   BANK0   BANK1   BANK2   BANK3   BANK4   BANK5   BANK6   BANK7
    35 ;;      Params:         5       0       0       0       0       0       0       0       0
    36 ;;      Locals:         0       0       0       0       0       0       0       0       0
    37 ;;      Temps:          0       0       0       0       0       0       0       0       0
    38 ;;      Totals:         5       0       0       0       0       0       0       0       0
    39 ;;Total ram usage:        5 bytes
    40 ;; This function calls:
    41 ;;		Nothing
    42 ;; This function is called by:
    43 ;;		Startup code after reset
    44 ;; This function uses a non-reentrant model
    45 ;;
    46                           
    47                           	psect	text0
    48  007FF0                     __ptext0:
    49                           	opt stack 0
    50  007FF0                     _main:
    51                           	opt stack 31
    52                           
    53                           ;main.c: 87: TRISBbits.RB0 = 0;
    54                           
    55                           ;incstack = 0
    56  007FF0  9093               	bcf	3987,0,c	;volatile
    57                           
    58                           ;main.c: 88: TRISBbits.RB1 = 1;
    59  007FF2  8293               	bsf	3987,1,c	;volatile
    60  007FF4                     l9:
    61                           
    62                           ;main.c: 91: {
    63                           ;main.c: 92: if(PORTBbits.RB1)
    64  007FF4  A281               	btfss	3969,1,c	;volatile
    65  007FF6  D002               	goto	l10
    66                           
    67                           ;main.c: 93: LATB0 = 1;
    68  007FF8  808A               	bsf	3978,0,c	;volatile
    69  007FFA  D7FC               	goto	l9
    70  007FFC                     l10:
    71                           
    72                           ;main.c: 94: else
    73                           ;main.c: 95: LATB0 = 0;
    74  007FFC  908A               	bcf	3978,0,c	;volatile
    75  007FFE  D7FA               	goto	l9
    76  008000                     __end_of_main:
    77                           	opt stack 0
    78  0000                     
    79                           	psect	cinit
    80  007FEA                     __pcinit:
    81                           	opt stack 0
    82  007FEA                     start_initialization:
    83                           	opt stack 0
    84  007FEA                     __initialization:
    85                           	opt stack 0
    86  007FEA                     end_of_initialization:
    87                           	opt stack 0
    88  007FEA                     __end_of__initialization:
    89                           	opt stack 0
    90  007FEA  0100               	movlb	0
    91  007FEC  EFF8  F03F         	goto	_main	;jump to C main() function
    92                           
    93                           	psect	cstackCOMRAM
    94  000001                     __pcstackCOMRAM:
    95                           	opt stack 0
    96  000001                     
    97                           ; 2 bytes @ 0x0
    98  000001                     	ds	2
    99  000003                     
   100                           ; 3 bytes @ 0x2
   101  000003                     	ds	3
   102  000006                     
   103                           	psect	rparam


Data Sizes:
    Strings     0
    Constant    0
    Data        0
    BSS         0
    Persistent  0
    Stack       0

Auto Spaces:
    Space          Size  Autos    Used
    COMRAM           95      5       5
    BANK0           160      0       0
    BANK1           256      0       0
    BANK2           256      0       0
    BANK3           256      0       0
    BANK4           256      0       0
    BANK5           256      0       0
    BANK6           256      0       0
    BANK7           256      0       0

Pointer List with Targets:

    None.

Critical Paths under _main in COMRAM

    None.

Critical Paths under _main in BANK0

    None.

Critical Paths under _main in BANK1

    None.

Critical Paths under _main in BANK2

    None.

Critical Paths under _main in BANK3

    None.

Critical Paths under _main in BANK4

    None.

Critical Paths under _main in BANK5

    None.

Critical Paths under _main in BANK6

    None.

Critical Paths under _main in BANK7

    None.

Call Graph Tables:

 ---------------------------------------------------------------------------------
 (Depth) Function   	        Calls       Base Space   Used Autos Params    Refs
 ---------------------------------------------------------------------------------
 (0) _main                                                 5     0      5       0
                                              0 COMRAM     5     0      5
 ---------------------------------------------------------------------------------
 Estimated maximum stack depth 0
 ---------------------------------------------------------------------------------

 Call Graph Graphs:

 _main (ROOT)

 Address spaces:
Name               Size   Autos  Total    Cost      Usage
BITCOMRAM           5F      0       0       0        0.0%
EEDATA             100      0       0       0        0.0%
NULL                 0      0       0       0        0.0%
CODE                 0      0       0       0        0.0%
COMRAM              5F      5       5       1        5.3%
STACK                0      0       0       2        0.0%
DATA                 0      0       0       3        0.0%
BITBANK0            A0      0       0       4        0.0%
BANK0               A0      0       0       5        0.0%
BITBANK1           100      0       0       6        0.0%
BANK1              100      0       0       7        0.0%
BITBANK2           100      0       0       8        0.0%
BANK2              100      0       0       9        0.0%
BITBANK3           100      0       0      10        0.0%
BANK3              100      0       0      11        0.0%
BITBANK4           100      0       0      12        0.0%
BANK4              100      0       0      13        0.0%
BITBANK5           100      0       0      14        0.0%
BANK5              100      0       0      15        0.0%
BITBANK6           100      0       0      16        0.0%
BANK6              100      0       0      17        0.0%
BITBANK7           100      0       0      18        0.0%
BANK7              100      0       0      19        0.0%
ABS                  0      0       0      20        0.0%
BIGRAM             7FF      0       0      21        0.0%
BITSFR               0      0       0      40        0.0%
SFR                  0      0       0      40        0.0%


Microchip Technology PIC18 Macro Assembler V1.32 build 58300 
Symbol Table                                                                                   Fri Sep 05 10:52:42 2014

                      l9 7FF4                       l10 7FFC              __CFG_BORV$3 000000  
           __CFG_CP0$OFF 000000             __CFG_CP1$OFF 000000             __CFG_CP2$OFF 000000  
           __CFG_CP3$OFF 000000             __CFG_CPB$OFF 000000             __CFG_CPD$OFF 000000  
           __CFG_BOR$OFF 000000             __CFG_LVP$OFF 000000             __CFG_WDT$OFF 000000  
                   _main 7FF0                     start 0000            __CFG_IESO$OFF 000000  
          __CFG_PLLDIV$1 000000           __CFG_CCP2MX$ON 000000                    ?_main 0001  
                  _LATB0 007C50            __CFG_USBDIV$1 000000            __CFG_PWRT$OFF 000000  
          __CFG_WRT0$OFF 000000            __CFG_WRT1$OFF 000000            __CFG_WRT2$OFF 000000  
          __CFG_WRT3$OFF 000000           __CFG_EBTR0$OFF 000000           __CFG_FCMEN$OFF 000000  
         __CFG_EBTR1$OFF 000000           __CFG_EBTR2$OFF 000000           __CFG_EBTR3$OFF 000000  
          __CFG_WRTB$OFF 000000            __CFG_WRTC$OFF 000000            __CFG_WRTD$OFF 000000  
         __CFG_EBTRB$OFF 000000           __CFG_ICPRT$OFF 000000           __CFG_MCLRE$OFF 000000  
        __initialization 7FEA             __end_of_main 8000                   ??_main 0006  
          __activetblptr 000000           __CFG_XINST$OFF 000000           __CFG_STVREN$ON 000000  
        __CFG_FOSC$EC_EC 000000               __accesstop 0060  __end_of__initialization 7FEA  
        __CFG_PBADEN$OFF 000000           __pcstackCOMRAM 0001          __CFG_VREGEN$OFF 000000  
                __Hparam 0000                  __Lparam 0000                  __pcinit 7FEA  
                __ramtop 0800                  __ptext0 7FF0     end_of_initialization 7FEA  
              _PORTBbits 000F81                _TRISBbits 000F93      start_initialization 7FEA  
       __CFG_LPT1OSC$OFF 000000         __CFG_WDTPS$32768 000000                 __Hrparam 0000  
               __Lrparam 0000            __size_of_main 0010                 main@argc 0001  
               main@argv 0003    __CFG_CPUDIV$OSC1_PLL2 000000  
