

Microchip Technology PIC18 LITE Macro Assembler V1.32 build 58300 
                                                                                               Fri Sep 05 11:31:15 2014

Microchip Technology Omniscient Code Generator (Lite mode) build 58300
     1                           	processor	18F4550
     2                           	fnconf	rparam,??,?,0
     3                           	opt	pw 120
     4                           	opt	lm
     5                           	psect	text0,global,reloc=2,class=CODE,delta=1
     6                           	psect	cinit,global,reloc=2,class=CODE,delta=1
     7                           	psect	bssCOMRAM,global,class=COMRAM,space=1,delta=1
     8                           	psect	cstackCOMRAM,global,class=COMRAM,space=1,delta=1
     9                           	psect	text1,global,reloc=2,class=CODE,delta=1
    10                           	psect	text2,global,reloc=2,class=CODE,delta=1
    11                           	psect	text3,global,reloc=2,class=CODE,delta=1
    12                           	psect	text4,global,reloc=2,class=CODE,delta=1
    13                           	psect	text5,global,reloc=2,class=CODE,delta=1
    14                           	psect	text6,global,reloc=2,class=CODE,delta=1
    15                           	psect	text7,global,reloc=2,class=CODE,delta=1
    16                           	psect	text8,global,reloc=2,class=CODE,delta=1
    17                           	psect	text9,global,reloc=2,class=CODE,delta=1
    18                           	psect	text10,global,reloc=2,class=CODE,delta=1
    19                           	psect	text11,global,reloc=2,class=CODE,delta=1
    20                           	psect	text12,global,reloc=2,class=CODE,delta=1
    21                           	psect	text13,global,reloc=2,class=CODE,delta=1
    22                           	psect	text14,global,reloc=2,class=CODE,delta=1
    23                           	psect	text15,global,reloc=2,class=CODE,delta=1
    24                           	psect	text16,global,reloc=2,class=CODE,delta=1
    25                           	psect	intsave_regs,global,class=BIGRAM,space=1,delta=1
    26                           	psect	rparam,global,class=COMRAM,space=1,delta=1
    27  0000                     _ADCON1	set	4033
    28  0000                     _PORTAbits	set	3968
    29  0000                     _TRISAbits	set	3986
    30  0000                     _TRISBbits	set	3987
    31  0000                     _LATB0	set	31824
    32  0000                     _LATB1	set	31825
    33  0000                     _LATB2	set	31826
    34  0000                     _LATB3	set	31827
    35  0000                     _LATB4	set	31828
    36  0000                     _LATB5	set	31829
    37  0000                     _LATB6	set	31830
    38                           
    39                           ; 0 bytes @ 0x8
    40 ;;
    41 ;;Main: autosize = 0, tempsize = 0, incstack = 0, save=0
    42 ;;
    43 ;; *************** function _main *****************
    44 ;; Defined at:
    45 ;;		line 102 in file "main.c"
    46 ;; Parameters:    Size  Location     Type
    47 ;;  argc            2    3[COMRAM] int 
    48 ;;  argv            3    5[COMRAM] PTR PTR unsigned char 
    49 ;; Auto vars:     Size  Location     Type
    50 ;;		None
    51 ;; Return value:  Size  Location     Type
    52 ;;		None               void
    53 ;; Registers used:
    54 ;;		wreg, status,2, status,0, cstack
    55 ;; Tracked objects:
    56 ;;		On entry : 0/0
    57 ;;		On exit  : 0/0
    58 ;;		Unchanged: 0/0
    59 ;; Data sizes:     COMRAM   BANK0   BANK1   BANK2   BANK3   BANK4   BANK5   BANK6   BANK7
    60 ;;      Params:         5       0       0       0       0       0       0       0       0
    61 ;;      Locals:         0       0       0       0       0       0       0       0       0
    62 ;;      Temps:          0       0       0       0       0       0       0       0       0
    63 ;;      Totals:         5       0       0       0       0       0       0       0       0
    64 ;;Total ram usage:        5 bytes
    65 ;; Hardware stack levels required when called:    5
    66 ;; This function calls:
    67 ;;		_roadOne
    68 ;;		_roadTwo
    69 ;;		_yallowLight
    70 ;; This function is called by:
    71 ;;		Startup code after reset
    72 ;; This function uses a non-reentrant model
    73 ;;
    74                           
    75                           	psect	text0
    76  007F16                     __ptext0:
    77                           	opt stack 0
    78  007F16                     _main:
    79                           	opt stack 26
    80                           
    81                           ;main.c: 104: ADCON1 = 0xFF;
    82                           
    83                           ;incstack = 0
    84  007F16  68C1               	setf	4033,c	;volatile
    85                           
    86                           ;main.c: 106: TRISBbits.RB0 = 0;
    87  007F18  9093               	bcf	3987,0,c	;volatile
    88                           
    89                           ;main.c: 107: TRISBbits.RB1 = 0;
    90  007F1A  9293               	bcf	3987,1,c	;volatile
    91                           
    92                           ;main.c: 108: TRISBbits.RB2 = 0;
    93  007F1C  9493               	bcf	3987,2,c	;volatile
    94                           
    95                           ;main.c: 110: TRISBbits.RB3 = 0;
    96  007F1E  9693               	bcf	3987,3,c	;volatile
    97                           
    98                           ;main.c: 111: TRISBbits.RB4 = 0;
    99  007F20  9893               	bcf	3987,4,c	;volatile
   100                           
   101                           ;main.c: 112: TRISBbits.RB5 = 0;
   102  007F22  9A93               	bcf	3987,5,c	;volatile
   103                           
   104                           ;main.c: 113: TRISBbits.RB6 = 0;
   105  007F24  9C93               	bcf	3987,6,c	;volatile
   106                           
   107                           ;main.c: 115: TRISAbits.RA0 = 1;
   108  007F26  8092               	bsf	3986,0,c	;volatile
   109                           
   110                           ;main.c: 116: TRISAbits.RA1 = 1;
   111  007F28  8292               	bsf	3986,1,c	;volatile
   112  007F2A                     l780:
   113                           
   114                           ;main.c: 119: {
   115                           ;main.c: 120: yallowLight();
   116  007F2A  EC70  F03F         	call	_yallowLight	;wreg free
   117                           
   118                           ;main.c: 121: roadOne();
   119  007F2E  EC5C  F03F         	call	_roadOne	;wreg free
   120                           
   121                           ;main.c: 122: yallowLight();
   122  007F32  EC70  F03F         	call	_yallowLight	;wreg free
   123                           
   124                           ;main.c: 123: roadTwo();
   125  007F36  EC61  F03F         	call	_roadTwo	;wreg free
   126  007F3A  D7F7               	goto	l780
   127  007F3C                     __end_of_main:
   128                           	opt stack 0
   129                           
   130                           	psect	cinit
   131  007ED6                     __pcinit:
   132                           	opt stack 0
   133  007ED6                     start_initialization:
   134                           	opt stack 0
   135  007ED6                     __initialization:
   136                           	opt stack 0
   137                           
   138                           ; Clear objects allocated to COMRAM (2 bytes)
   139  007ED6  6A0A               	clrf	(__pbssCOMRAM+1)& (0+255),c
   140  007ED8  6A09               	clrf	__pbssCOMRAM& (0+255),c
   141  007EDA                     end_of_initialization:
   142                           	opt stack 0
   143  007EDA                     __end_of__initialization:
   144                           	opt stack 0
   145  007EDA  0100               	movlb	0
   146  007EDC  EF8B  F03F         	goto	_main	;jump to C main() function
   147                           
   148                           	psect	bssCOMRAM
   149  000009                     __pbssCOMRAM:
   150                           	opt stack 0
   151  000009                     _i:
   152                           	opt stack 0
   153  000009                     	ds	2
   154                           
   155                           	psect	cstackCOMRAM
   156  000001                     __pcstackCOMRAM:
   157                           	opt stack 0
   158  000001                     Delay1Second@interval:
   159                           	opt stack 0
   160                           
   161                           ; 2 bytes @ 0x0
   162  000001                     	ds	2
   163  000003                     ??_Delay1Second:
   164                           
   165                           ; 0 bytes @ 0x2
   166  000003                     	ds	1
   167  000004                     
   168                           ; 2 bytes @ 0x3
   169  000004                     	ds	2
   170  000006                     
   171                           ; 3 bytes @ 0x5
   172  000006                     	ds	3
   173  000009                     
   174 ;; *************** function _yallowLight *****************
   175 ;; Defined at:
   176 ;;		line 128 in file "main.c"
   177 ;; Parameters:    Size  Location     Type
   178 ;;		None
   179 ;; Auto vars:     Size  Location     Type
   180 ;;		None
   181 ;; Return value:  Size  Location     Type
   182 ;;		None               void
   183 ;; Registers used:
   184 ;;		wreg, status,2, status,0, cstack
   185 ;; Tracked objects:
   186 ;;		On entry : 0/0
   187 ;;		On exit  : 0/0
   188 ;;		Unchanged: 0/0
   189 ;; Data sizes:     COMRAM   BANK0   BANK1   BANK2   BANK3   BANK4   BANK5   BANK6   BANK7
   190 ;;      Params:         0       0       0       0       0       0       0       0       0
   191 ;;      Locals:         0       0       0       0       0       0       0       0       0
   192 ;;      Temps:          0       0       0       0       0       0       0       0       0
   193 ;;      Totals:         0       0       0       0       0       0       0       0       0
   194 ;;Total ram usage:        0 bytes
   195 ;; Hardware stack levels used:    1
   196 ;; Hardware stack levels required when called:    4
   197 ;; This function calls:
   198 ;;		_Delay1Second
   199 ;;		_isInterrupted
   200 ;;		_zero
   201 ;; This function is called by:
   202 ;;		_main
   203 ;; This function uses a non-reentrant model
   204 ;;
   205                           
   206                           	psect	text1
   207  007EE0                     __ptext1:
   208                           	opt stack 0
   209  007EE0                     _yallowLight:
   210                           	opt stack 26
   211                           
   212                           ;main.c: 129: zero();
   213                           
   214                           ;incstack = 0
   215  007EE0  EC66  F03F         	call	_zero	;wreg free
   216                           
   217                           ;main.c: 130: isInterrupted();
   218  007EE4  EC7D  F03F         	call	_isInterrupted	;wreg free
   219                           
   220                           ;main.c: 131: LATB2 = 1;
   221  007EE8  848A               	bsf	3978,2,c	;volatile
   222                           
   223                           ;main.c: 132: Delay1Second(300);
   224  007EEA  0E01               	movlw	1
   225  007EEC  6E02               	movwf	Delay1Second@interval+1,c
   226  007EEE  0E2C               	movlw	44
   227  007EF0  6E01               	movwf	Delay1Second@interval,c
   228  007EF2  EC9E  F03F         	call	_Delay1Second	;wreg free
   229                           
   230                           ;main.c: 133: LATB2 = 0;
   231  007EF6  948A               	bcf	3978,2,c	;volatile
   232  007EF8  0012               	return	
   233  007EFA                     __end_of_yallowLight:
   234                           	opt stack 0
   235                           
   236 ;; *************** function _isInterrupted *****************
   237 ;; Defined at:
   238 ;;		line 136 in file "main.c"
   239 ;; Parameters:    Size  Location     Type
   240 ;;		None
   241 ;; Auto vars:     Size  Location     Type
   242 ;;		None
   243 ;; Return value:  Size  Location     Type
   244 ;;		None               void
   245 ;; Registers used:
   246 ;;		wreg, status,2, status,0, cstack
   247 ;; Tracked objects:
   248 ;;		On entry : 0/0
   249 ;;		On exit  : 0/0
   250 ;;		Unchanged: 0/0
   251 ;; Data sizes:     COMRAM   BANK0   BANK1   BANK2   BANK3   BANK4   BANK5   BANK6   BANK7
   252 ;;      Params:         0       0       0       0       0       0       0       0       0
   253 ;;      Locals:         0       0       0       0       0       0       0       0       0
   254 ;;      Temps:          0       0       0       0       0       0       0       0       0
   255 ;;      Totals:         0       0       0       0       0       0       0       0       0
   256 ;;Total ram usage:        0 bytes
   257 ;; Hardware stack levels used:    1
   258 ;; Hardware stack levels required when called:    3
   259 ;; This function calls:
   260 ;;		_roadOne
   261 ;;		_roadTwo
   262 ;;		_zero
   263 ;; This function is called by:
   264 ;;		_yallowLight
   265 ;; This function uses a non-reentrant model
   266 ;;
   267                           
   268                           	psect	text2
   269  007EFA                     __ptext2:
   270                           	opt stack 0
   271  007EFA                     _isInterrupted:
   272                           	opt stack 26
   273                           
   274                           ;main.c: 137: if(PORTAbits.RA0){
   275                           
   276                           ;incstack = 0
   277  007EFA  A080               	btfss	3968,0,c	;volatile
   278  007EFC  D005               	goto	l70
   279                           
   280                           ;main.c: 138: roadOne();
   281  007EFE  EC5C  F03F         	call	_roadOne	;wreg free
   282                           
   283                           ;main.c: 139: zero();
   284  007F02  EC66  F03F         	call	_zero	;wreg free
   285                           
   286                           ;main.c: 140: }else if(PORTAbits.RA1){
   287  007F06  D006               	goto	l73
   288  007F08                     l70:
   289  007F08  A280               	btfss	3968,1,c	;volatile
   290  007F0A  D004               	goto	l73
   291                           
   292                           ;main.c: 141: roadTwo();
   293  007F0C  EC61  F03F         	call	_roadTwo	;wreg free
   294                           
   295                           ;main.c: 142: zero();
   296  007F10  EC66  F03F         	call	_zero	;wreg free
   297  007F14                     l73:
   298  007F14  0012               	return	
   299  007F16                     __end_of_isInterrupted:
   300                           	opt stack 0
   301                           
   302 ;; *************** function _zero *****************
   303 ;; Defined at:
   304 ;;		line 243 in file "main.c"
   305 ;; Parameters:    Size  Location     Type
   306 ;;		None
   307 ;; Auto vars:     Size  Location     Type
   308 ;;		None
   309 ;; Return value:  Size  Location     Type
   310 ;;		None               void
   311 ;; Registers used:
   312 ;;		None
   313 ;; Tracked objects:
   314 ;;		On entry : 0/0
   315 ;;		On exit  : 0/0
   316 ;;		Unchanged: 0/0
   317 ;; Data sizes:     COMRAM   BANK0   BANK1   BANK2   BANK3   BANK4   BANK5   BANK6   BANK7
   318 ;;      Params:         0       0       0       0       0       0       0       0       0
   319 ;;      Locals:         0       0       0       0       0       0       0       0       0
   320 ;;      Temps:          0       0       0       0       0       0       0       0       0
   321 ;;      Totals:         0       0       0       0       0       0       0       0       0
   322 ;;Total ram usage:        0 bytes
   323 ;; Hardware stack levels used:    1
   324 ;; This function calls:
   325 ;;		Nothing
   326 ;; This function is called by:
   327 ;;		_yallowLight
   328 ;;		_isInterrupted
   329 ;; This function uses a non-reentrant model
   330 ;;
   331                           
   332                           	psect	text3
   333  007ECC                     __ptext3:
   334                           	opt stack 0
   335  007ECC                     _zero:
   336                           	opt stack 29
   337                           
   338                           ;main.c: 244: LATB3 = 0;
   339                           
   340                           ;incstack = 0
   341  007ECC  968A               	bcf	3978,3,c	;volatile
   342                           
   343                           ;main.c: 245: LATB4 = 0;
   344  007ECE  988A               	bcf	3978,4,c	;volatile
   345                           
   346                           ;main.c: 246: LATB5 = 0;
   347  007ED0  9A8A               	bcf	3978,5,c	;volatile
   348                           
   349                           ;main.c: 247: LATB6 = 0;
   350  007ED2  9C8A               	bcf	3978,6,c	;volatile
   351  007ED4  0012               	return	
   352  007ED6                     __end_of_zero:
   353                           	opt stack 0
   354                           
   355 ;; *************** function _roadTwo *****************
   356 ;; Defined at:
   357 ;;		line 152 in file "main.c"
   358 ;; Parameters:    Size  Location     Type
   359 ;;		None
   360 ;; Auto vars:     Size  Location     Type
   361 ;;		None
   362 ;; Return value:  Size  Location     Type
   363 ;;		None               void
   364 ;; Registers used:
   365 ;;		wreg, status,2, status,0, cstack
   366 ;; Tracked objects:
   367 ;;		On entry : 0/0
   368 ;;		On exit  : 0/0
   369 ;;		Unchanged: 0/0
   370 ;; Data sizes:     COMRAM   BANK0   BANK1   BANK2   BANK3   BANK4   BANK5   BANK6   BANK7
   371 ;;      Params:         0       0       0       0       0       0       0       0       0
   372 ;;      Locals:         0       0       0       0       0       0       0       0       0
   373 ;;      Temps:          0       0       0       0       0       0       0       0       0
   374 ;;      Totals:         0       0       0       0       0       0       0       0       0
   375 ;;Total ram usage:        0 bytes
   376 ;; Hardware stack levels used:    1
   377 ;; Hardware stack levels required when called:    2
   378 ;; This function calls:
   379 ;;		_oneToNine
   380 ;; This function is called by:
   381 ;;		_main
   382 ;;		_isInterrupted
   383 ;; This function uses a non-reentrant model
   384 ;;
   385                           
   386                           	psect	text4
   387  007EC2                     __ptext4:
   388                           	opt stack 0
   389  007EC2                     _roadTwo:
   390                           	opt stack 26
   391                           
   392                           ;main.c: 153: LATB1 = 1;
   393                           
   394                           ;incstack = 0
   395  007EC2  828A               	bsf	3978,1,c	;volatile
   396                           
   397                           ;main.c: 154: oneToNine();
   398  007EC4  ECB7  F03F         	call	_oneToNine	;wreg free
   399                           
   400                           ;main.c: 155: LATB1 = 0;
   401  007EC8  928A               	bcf	3978,1,c	;volatile
   402  007ECA  0012               	return	
   403  007ECC                     __end_of_roadTwo:
   404                           	opt stack 0
   405                           
   406 ;; *************** function _roadOne *****************
   407 ;; Defined at:
   408 ;;		line 146 in file "main.c"
   409 ;; Parameters:    Size  Location     Type
   410 ;;		None
   411 ;; Auto vars:     Size  Location     Type
   412 ;;		None
   413 ;; Return value:  Size  Location     Type
   414 ;;		None               void
   415 ;; Registers used:
   416 ;;		wreg, status,2, status,0, cstack
   417 ;; Tracked objects:
   418 ;;		On entry : 0/0
   419 ;;		On exit  : 0/0
   420 ;;		Unchanged: 0/0
   421 ;; Data sizes:     COMRAM   BANK0   BANK1   BANK2   BANK3   BANK4   BANK5   BANK6   BANK7
   422 ;;      Params:         0       0       0       0       0       0       0       0       0
   423 ;;      Locals:         0       0       0       0       0       0       0       0       0
   424 ;;      Temps:          0       0       0       0       0       0       0       0       0
   425 ;;      Totals:         0       0       0       0       0       0       0       0       0
   426 ;;Total ram usage:        0 bytes
   427 ;; Hardware stack levels used:    1
   428 ;; Hardware stack levels required when called:    2
   429 ;; This function calls:
   430 ;;		_oneToNine
   431 ;; This function is called by:
   432 ;;		_main
   433 ;;		_isInterrupted
   434 ;; This function uses a non-reentrant model
   435 ;;
   436                           
   437                           	psect	text5
   438  007EB8                     __ptext5:
   439                           	opt stack 0
   440  007EB8                     _roadOne:
   441                           	opt stack 26
   442                           
   443                           ;main.c: 147: LATB0 = 1;
   444                           
   445                           ;incstack = 0
   446  007EB8  808A               	bsf	3978,0,c	;volatile
   447                           
   448                           ;main.c: 148: oneToNine();
   449  007EBA  ECB7  F03F         	call	_oneToNine	;wreg free
   450                           
   451                           ;main.c: 149: LATB0 = 0;
   452  007EBE  908A               	bcf	3978,0,c	;volatile
   453  007EC0  0012               	return	
   454  007EC2                     __end_of_roadOne:
   455                           	opt stack 0
   456                           
   457 ;; *************** function _oneToNine *****************
   458 ;; Defined at:
   459 ;;		line 159 in file "main.c"
   460 ;; Parameters:    Size  Location     Type
   461 ;;		None
   462 ;; Auto vars:     Size  Location     Type
   463 ;;		None
   464 ;; Return value:  Size  Location     Type
   465 ;;		None               void
   466 ;; Registers used:
   467 ;;		wreg, status,2, status,0, cstack
   468 ;; Tracked objects:
   469 ;;		On entry : 0/0
   470 ;;		On exit  : 0/0
   471 ;;		Unchanged: 0/0
   472 ;; Data sizes:     COMRAM   BANK0   BANK1   BANK2   BANK3   BANK4   BANK5   BANK6   BANK7
   473 ;;      Params:         0       0       0       0       0       0       0       0       0
   474 ;;      Locals:         0       0       0       0       0       0       0       0       0
   475 ;;      Temps:          0       0       0       0       0       0       0       0       0
   476 ;;      Totals:         0       0       0       0       0       0       0       0       0
   477 ;;Total ram usage:        0 bytes
   478 ;; Hardware stack levels used:    1
   479 ;; Hardware stack levels required when called:    1
   480 ;; This function calls:
   481 ;;		_Delay1Second
   482 ;;		_eight
   483 ;;		_five
   484 ;;		_four
   485 ;;		_nine
   486 ;;		_one
   487 ;;		_seven
   488 ;;		_six
   489 ;;		_three
   490 ;;		_two
   491 ;; This function is called by:
   492 ;;		_roadOne
   493 ;;		_roadTwo
   494 ;; This function uses a non-reentrant model
   495 ;;
   496                           
   497                           	psect	text6
   498  007F6E                     __ptext6:
   499                           	opt stack 0
   500  007F6E                     _oneToNine:
   501                           	opt stack 26
   502                           
   503                           ;main.c: 160: one();
   504                           
   505                           ;incstack = 0
   506  007F6E  EC43  F03F         	call	_one	;wreg free
   507                           
   508                           ;main.c: 161: Delay1Second(100);
   509  007F72  0E00               	movlw	0
   510  007F74  6E02               	movwf	Delay1Second@interval+1,c
   511  007F76  0E64               	movlw	100
   512  007F78  6E01               	movwf	Delay1Second@interval,c
   513  007F7A  EC9E  F03F         	call	_Delay1Second	;wreg free
   514                           
   515                           ;main.c: 162: two();
   516  007F7E  EC57  F03F         	call	_two	;wreg free
   517                           
   518                           ;main.c: 163: Delay1Second(100);
   519  007F82  0E00               	movlw	0
   520  007F84  6E02               	movwf	Delay1Second@interval+1,c
   521  007F86  0E64               	movlw	100
   522  007F88  6E01               	movwf	Delay1Second@interval,c
   523  007F8A  EC9E  F03F         	call	_Delay1Second	;wreg free
   524                           
   525                           ;main.c: 164: three();
   526  007F8E  EC52  F03F         	call	_three	;wreg free
   527                           
   528                           ;main.c: 165: Delay1Second(100);
   529  007F92  0E00               	movlw	0
   530  007F94  6E02               	movwf	Delay1Second@interval+1,c
   531  007F96  0E64               	movlw	100
   532  007F98  6E01               	movwf	Delay1Second@interval,c
   533  007F9A  EC9E  F03F         	call	_Delay1Second	;wreg free
   534                           
   535                           ;main.c: 166: four();
   536  007F9E  EC39  F03F         	call	_four	;wreg free
   537                           
   538                           ;main.c: 167: Delay1Second(100);
   539  007FA2  0E00               	movlw	0
   540  007FA4  6E02               	movwf	Delay1Second@interval+1,c
   541  007FA6  0E64               	movlw	100
   542  007FA8  6E01               	movwf	Delay1Second@interval,c
   543  007FAA  EC9E  F03F         	call	_Delay1Second	;wreg free
   544                           
   545                           ;main.c: 168: five();
   546  007FAE  EC34  F03F         	call	_five	;wreg free
   547                           
   548                           ;main.c: 169: Delay1Second(100);
   549  007FB2  0E00               	movlw	0
   550  007FB4  6E02               	movwf	Delay1Second@interval+1,c
   551  007FB6  0E64               	movlw	100
   552  007FB8  6E01               	movwf	Delay1Second@interval,c
   553  007FBA  EC9E  F03F         	call	_Delay1Second	;wreg free
   554                           
   555                           ;main.c: 170: six();
   556  007FBE  EC4D  F03F         	call	_six	;wreg free
   557                           
   558                           ;main.c: 171: Delay1Second(100);
   559  007FC2  0E00               	movlw	0
   560  007FC4  6E02               	movwf	Delay1Second@interval+1,c
   561  007FC6  0E64               	movlw	100
   562  007FC8  6E01               	movwf	Delay1Second@interval,c
   563  007FCA  EC9E  F03F         	call	_Delay1Second	;wreg free
   564                           
   565                           ;main.c: 172: seven();
   566  007FCE  EC48  F03F         	call	_seven	;wreg free
   567                           
   568                           ;main.c: 173: Delay1Second(100);
   569  007FD2  0E00               	movlw	0
   570  007FD4  6E02               	movwf	Delay1Second@interval+1,c
   571  007FD6  0E64               	movlw	100
   572  007FD8  6E01               	movwf	Delay1Second@interval,c
   573  007FDA  EC9E  F03F         	call	_Delay1Second	;wreg free
   574                           
   575                           ;main.c: 174: eight();
   576  007FDE  EC2F  F03F         	call	_eight	;wreg free
   577                           
   578                           ;main.c: 175: Delay1Second(100);
   579  007FE2  0E00               	movlw	0
   580  007FE4  6E02               	movwf	Delay1Second@interval+1,c
   581  007FE6  0E64               	movlw	100
   582  007FE8  6E01               	movwf	Delay1Second@interval,c
   583  007FEA  EC9E  F03F         	call	_Delay1Second	;wreg free
   584                           
   585                           ;main.c: 176: nine();
   586  007FEE  EC3E  F03F         	call	_nine	;wreg free
   587                           
   588                           ;main.c: 177: Delay1Second(100);
   589  007FF2  0E00               	movlw	0
   590  007FF4  6E02               	movwf	Delay1Second@interval+1,c
   591  007FF6  0E64               	movlw	100
   592  007FF8  6E01               	movwf	Delay1Second@interval,c
   593  007FFA  EC9E  F03F         	call	_Delay1Second	;wreg free
   594  007FFE  0012               	return	
   595  008000                     __end_of_oneToNine:
   596                           	opt stack 0
   597                           
   598 ;; *************** function _two *****************
   599 ;; Defined at:
   600 ;;		line 187 in file "main.c"
   601 ;; Parameters:    Size  Location     Type
   602 ;;		None
   603 ;; Auto vars:     Size  Location     Type
   604 ;;		None
   605 ;; Return value:  Size  Location     Type
   606 ;;		None               void
   607 ;; Registers used:
   608 ;;		None
   609 ;; Tracked objects:
   610 ;;		On entry : 0/0
   611 ;;		On exit  : 0/0
   612 ;;		Unchanged: 0/0
   613 ;; Data sizes:     COMRAM   BANK0   BANK1   BANK2   BANK3   BANK4   BANK5   BANK6   BANK7
   614 ;;      Params:         0       0       0       0       0       0       0       0       0
   615 ;;      Locals:         0       0       0       0       0       0       0       0       0
   616 ;;      Temps:          0       0       0       0       0       0       0       0       0
   617 ;;      Totals:         0       0       0       0       0       0       0       0       0
   618 ;;Total ram usage:        0 bytes
   619 ;; Hardware stack levels used:    1
   620 ;; This function calls:
   621 ;;		Nothing
   622 ;; This function is called by:
   623 ;;		_oneToNine
   624 ;; This function uses a non-reentrant model
   625 ;;
   626                           
   627                           	psect	text7
   628  007EAE                     __ptext7:
   629                           	opt stack 0
   630  007EAE                     _two:
   631                           	opt stack 26
   632                           
   633                           ;main.c: 188: LATB3 = 0;
   634                           
   635                           ;incstack = 0
   636  007EAE  968A               	bcf	3978,3,c	;volatile
   637                           
   638                           ;main.c: 189: LATB4 = 1;
   639  007EB0  888A               	bsf	3978,4,c	;volatile
   640                           
   641                           ;main.c: 190: LATB5 = 0;
   642  007EB2  9A8A               	bcf	3978,5,c	;volatile
   643                           
   644                           ;main.c: 191: LATB6 = 0;
   645  007EB4  9C8A               	bcf	3978,6,c	;volatile
   646  007EB6  0012               	return	
   647  007EB8                     __end_of_two:
   648                           	opt stack 0
   649                           
   650 ;; *************** function _three *****************
   651 ;; Defined at:
   652 ;;		line 194 in file "main.c"
   653 ;; Parameters:    Size  Location     Type
   654 ;;		None
   655 ;; Auto vars:     Size  Location     Type
   656 ;;		None
   657 ;; Return value:  Size  Location     Type
   658 ;;		None               void
   659 ;; Registers used:
   660 ;;		None
   661 ;; Tracked objects:
   662 ;;		On entry : 0/0
   663 ;;		On exit  : 0/0
   664 ;;		Unchanged: 0/0
   665 ;; Data sizes:     COMRAM   BANK0   BANK1   BANK2   BANK3   BANK4   BANK5   BANK6   BANK7
   666 ;;      Params:         0       0       0       0       0       0       0       0       0
   667 ;;      Locals:         0       0       0       0       0       0       0       0       0
   668 ;;      Temps:          0       0       0       0       0       0       0       0       0
   669 ;;      Totals:         0       0       0       0       0       0       0       0       0
   670 ;;Total ram usage:        0 bytes
   671 ;; Hardware stack levels used:    1
   672 ;; This function calls:
   673 ;;		Nothing
   674 ;; This function is called by:
   675 ;;		_oneToNine
   676 ;; This function uses a non-reentrant model
   677 ;;
   678                           
   679                           	psect	text8
   680  007EA4                     __ptext8:
   681                           	opt stack 0
   682  007EA4                     _three:
   683                           	opt stack 26
   684                           
   685                           ;main.c: 195: LATB3 = 1;
   686                           
   687                           ;incstack = 0
   688  007EA4  868A               	bsf	3978,3,c	;volatile
   689                           
   690                           ;main.c: 196: LATB4 = 1;
   691  007EA6  888A               	bsf	3978,4,c	;volatile
   692                           
   693                           ;main.c: 197: LATB5 = 0;
   694  007EA8  9A8A               	bcf	3978,5,c	;volatile
   695                           
   696                           ;main.c: 198: LATB6 = 0;
   697  007EAA  9C8A               	bcf	3978,6,c	;volatile
   698  007EAC  0012               	return	
   699  007EAE                     __end_of_three:
   700                           	opt stack 0
   701                           
   702 ;; *************** function _six *****************
   703 ;; Defined at:
   704 ;;		line 215 in file "main.c"
   705 ;; Parameters:    Size  Location     Type
   706 ;;		None
   707 ;; Auto vars:     Size  Location     Type
   708 ;;		None
   709 ;; Return value:  Size  Location     Type
   710 ;;		None               void
   711 ;; Registers used:
   712 ;;		None
   713 ;; Tracked objects:
   714 ;;		On entry : 0/0
   715 ;;		On exit  : 0/0
   716 ;;		Unchanged: 0/0
   717 ;; Data sizes:     COMRAM   BANK0   BANK1   BANK2   BANK3   BANK4   BANK5   BANK6   BANK7
   718 ;;      Params:         0       0       0       0       0       0       0       0       0
   719 ;;      Locals:         0       0       0       0       0       0       0       0       0
   720 ;;      Temps:          0       0       0       0       0       0       0       0       0
   721 ;;      Totals:         0       0       0       0       0       0       0       0       0
   722 ;;Total ram usage:        0 bytes
   723 ;; Hardware stack levels used:    1
   724 ;; This function calls:
   725 ;;		Nothing
   726 ;; This function is called by:
   727 ;;		_oneToNine
   728 ;; This function uses a non-reentrant model
   729 ;;
   730                           
   731                           	psect	text9
   732  007E9A                     __ptext9:
   733                           	opt stack 0
   734  007E9A                     _six:
   735                           	opt stack 26
   736                           
   737                           ;main.c: 216: LATB3 = 0;
   738                           
   739                           ;incstack = 0
   740  007E9A  968A               	bcf	3978,3,c	;volatile
   741                           
   742                           ;main.c: 217: LATB4 = 1;
   743  007E9C  888A               	bsf	3978,4,c	;volatile
   744                           
   745                           ;main.c: 218: LATB5 = 1;
   746  007E9E  8A8A               	bsf	3978,5,c	;volatile
   747                           
   748                           ;main.c: 219: LATB6 = 0;
   749  007EA0  9C8A               	bcf	3978,6,c	;volatile
   750  007EA2  0012               	return	
   751  007EA4                     __end_of_six:
   752                           	opt stack 0
   753                           
   754 ;; *************** function _seven *****************
   755 ;; Defined at:
   756 ;;		line 222 in file "main.c"
   757 ;; Parameters:    Size  Location     Type
   758 ;;		None
   759 ;; Auto vars:     Size  Location     Type
   760 ;;		None
   761 ;; Return value:  Size  Location     Type
   762 ;;		None               void
   763 ;; Registers used:
   764 ;;		None
   765 ;; Tracked objects:
   766 ;;		On entry : 0/0
   767 ;;		On exit  : 0/0
   768 ;;		Unchanged: 0/0
   769 ;; Data sizes:     COMRAM   BANK0   BANK1   BANK2   BANK3   BANK4   BANK5   BANK6   BANK7
   770 ;;      Params:         0       0       0       0       0       0       0       0       0
   771 ;;      Locals:         0       0       0       0       0       0       0       0       0
   772 ;;      Temps:          0       0       0       0       0       0       0       0       0
   773 ;;      Totals:         0       0       0       0       0       0       0       0       0
   774 ;;Total ram usage:        0 bytes
   775 ;; Hardware stack levels used:    1
   776 ;; This function calls:
   777 ;;		Nothing
   778 ;; This function is called by:
   779 ;;		_oneToNine
   780 ;; This function uses a non-reentrant model
   781 ;;
   782                           
   783                           	psect	text10
   784  007E90                     __ptext10:
   785                           	opt stack 0
   786  007E90                     _seven:
   787                           	opt stack 26
   788                           
   789                           ;main.c: 223: LATB3 = 1;
   790                           
   791                           ;incstack = 0
   792  007E90  868A               	bsf	3978,3,c	;volatile
   793                           
   794                           ;main.c: 224: LATB4 = 1;
   795  007E92  888A               	bsf	3978,4,c	;volatile
   796                           
   797                           ;main.c: 225: LATB5 = 1;
   798  007E94  8A8A               	bsf	3978,5,c	;volatile
   799                           
   800                           ;main.c: 226: LATB6 = 0;
   801  007E96  9C8A               	bcf	3978,6,c	;volatile
   802  007E98  0012               	return	
   803  007E9A                     __end_of_seven:
   804                           	opt stack 0
   805                           
   806 ;; *************** function _one *****************
   807 ;; Defined at:
   808 ;;		line 180 in file "main.c"
   809 ;; Parameters:    Size  Location     Type
   810 ;;		None
   811 ;; Auto vars:     Size  Location     Type
   812 ;;		None
   813 ;; Return value:  Size  Location     Type
   814 ;;		None               void
   815 ;; Registers used:
   816 ;;		None
   817 ;; Tracked objects:
   818 ;;		On entry : 0/0
   819 ;;		On exit  : 0/0
   820 ;;		Unchanged: 0/0
   821 ;; Data sizes:     COMRAM   BANK0   BANK1   BANK2   BANK3   BANK4   BANK5   BANK6   BANK7
   822 ;;      Params:         0       0       0       0       0       0       0       0       0
   823 ;;      Locals:         0       0       0       0       0       0       0       0       0
   824 ;;      Temps:          0       0       0       0       0       0       0       0       0
   825 ;;      Totals:         0       0       0       0       0       0       0       0       0
   826 ;;Total ram usage:        0 bytes
   827 ;; Hardware stack levels used:    1
   828 ;; This function calls:
   829 ;;		Nothing
   830 ;; This function is called by:
   831 ;;		_oneToNine
   832 ;; This function uses a non-reentrant model
   833 ;;
   834                           
   835                           	psect	text11
   836  007E86                     __ptext11:
   837                           	opt stack 0
   838  007E86                     _one:
   839                           	opt stack 26
   840                           
   841                           ;main.c: 181: LATB3 = 1;
   842                           
   843                           ;incstack = 0
   844  007E86  868A               	bsf	3978,3,c	;volatile
   845                           
   846                           ;main.c: 182: LATB4 = 0;
   847  007E88  988A               	bcf	3978,4,c	;volatile
   848                           
   849                           ;main.c: 183: LATB5 = 0;
   850  007E8A  9A8A               	bcf	3978,5,c	;volatile
   851                           
   852                           ;main.c: 184: LATB6 = 0;
   853  007E8C  9C8A               	bcf	3978,6,c	;volatile
   854  007E8E  0012               	return	
   855  007E90                     __end_of_one:
   856                           	opt stack 0
   857                           
   858 ;; *************** function _nine *****************
   859 ;; Defined at:
   860 ;;		line 236 in file "main.c"
   861 ;; Parameters:    Size  Location     Type
   862 ;;		None
   863 ;; Auto vars:     Size  Location     Type
   864 ;;		None
   865 ;; Return value:  Size  Location     Type
   866 ;;		None               void
   867 ;; Registers used:
   868 ;;		None
   869 ;; Tracked objects:
   870 ;;		On entry : 0/0
   871 ;;		On exit  : 0/0
   872 ;;		Unchanged: 0/0
   873 ;; Data sizes:     COMRAM   BANK0   BANK1   BANK2   BANK3   BANK4   BANK5   BANK6   BANK7
   874 ;;      Params:         0       0       0       0       0       0       0       0       0
   875 ;;      Locals:         0       0       0       0       0       0       0       0       0
   876 ;;      Temps:          0       0       0       0       0       0       0       0       0
   877 ;;      Totals:         0       0       0       0       0       0       0       0       0
   878 ;;Total ram usage:        0 bytes
   879 ;; Hardware stack levels used:    1
   880 ;; This function calls:
   881 ;;		Nothing
   882 ;; This function is called by:
   883 ;;		_oneToNine
   884 ;; This function uses a non-reentrant model
   885 ;;
   886                           
   887                           	psect	text12
   888  007E7C                     __ptext12:
   889                           	opt stack 0
   890  007E7C                     _nine:
   891                           	opt stack 26
   892                           
   893                           ;main.c: 237: LATB3 = 1;
   894                           
   895                           ;incstack = 0
   896  007E7C  868A               	bsf	3978,3,c	;volatile
   897                           
   898                           ;main.c: 238: LATB4 = 0;
   899  007E7E  988A               	bcf	3978,4,c	;volatile
   900                           
   901                           ;main.c: 239: LATB5 = 0;
   902  007E80  9A8A               	bcf	3978,5,c	;volatile
   903                           
   904                           ;main.c: 240: LATB6 = 1;
   905  007E82  8C8A               	bsf	3978,6,c	;volatile
   906  007E84  0012               	return	
   907  007E86                     __end_of_nine:
   908                           	opt stack 0
   909                           
   910 ;; *************** function _four *****************
   911 ;; Defined at:
   912 ;;		line 201 in file "main.c"
   913 ;; Parameters:    Size  Location     Type
   914 ;;		None
   915 ;; Auto vars:     Size  Location     Type
   916 ;;		None
   917 ;; Return value:  Size  Location     Type
   918 ;;		None               void
   919 ;; Registers used:
   920 ;;		None
   921 ;; Tracked objects:
   922 ;;		On entry : 0/0
   923 ;;		On exit  : 0/0
   924 ;;		Unchanged: 0/0
   925 ;; Data sizes:     COMRAM   BANK0   BANK1   BANK2   BANK3   BANK4   BANK5   BANK6   BANK7
   926 ;;      Params:         0       0       0       0       0       0       0       0       0
   927 ;;      Locals:         0       0       0       0       0       0       0       0       0
   928 ;;      Temps:          0       0       0       0       0       0       0       0       0
   929 ;;      Totals:         0       0       0       0       0       0       0       0       0
   930 ;;Total ram usage:        0 bytes
   931 ;; Hardware stack levels used:    1
   932 ;; This function calls:
   933 ;;		Nothing
   934 ;; This function is called by:
   935 ;;		_oneToNine
   936 ;; This function uses a non-reentrant model
   937 ;;
   938                           
   939                           	psect	text13
   940  007E72                     __ptext13:
   941                           	opt stack 0
   942  007E72                     _four:
   943                           	opt stack 26
   944                           
   945                           ;main.c: 202: LATB3 = 0;
   946                           
   947                           ;incstack = 0
   948  007E72  968A               	bcf	3978,3,c	;volatile
   949                           
   950                           ;main.c: 203: LATB4 = 0;
   951  007E74  988A               	bcf	3978,4,c	;volatile
   952                           
   953                           ;main.c: 204: LATB5 = 1;
   954  007E76  8A8A               	bsf	3978,5,c	;volatile
   955                           
   956                           ;main.c: 205: LATB6 = 0;
   957  007E78  9C8A               	bcf	3978,6,c	;volatile
   958  007E7A  0012               	return	
   959  007E7C                     __end_of_four:
   960                           	opt stack 0
   961                           
   962 ;; *************** function _five *****************
   963 ;; Defined at:
   964 ;;		line 208 in file "main.c"
   965 ;; Parameters:    Size  Location     Type
   966 ;;		None
   967 ;; Auto vars:     Size  Location     Type
   968 ;;		None
   969 ;; Return value:  Size  Location     Type
   970 ;;		None               void
   971 ;; Registers used:
   972 ;;		None
   973 ;; Tracked objects:
   974 ;;		On entry : 0/0
   975 ;;		On exit  : 0/0
   976 ;;		Unchanged: 0/0
   977 ;; Data sizes:     COMRAM   BANK0   BANK1   BANK2   BANK3   BANK4   BANK5   BANK6   BANK7
   978 ;;      Params:         0       0       0       0       0       0       0       0       0
   979 ;;      Locals:         0       0       0       0       0       0       0       0       0
   980 ;;      Temps:          0       0       0       0       0       0       0       0       0
   981 ;;      Totals:         0       0       0       0       0       0       0       0       0
   982 ;;Total ram usage:        0 bytes
   983 ;; Hardware stack levels used:    1
   984 ;; This function calls:
   985 ;;		Nothing
   986 ;; This function is called by:
   987 ;;		_oneToNine
   988 ;; This function uses a non-reentrant model
   989 ;;
   990                           
   991                           	psect	text14
   992  007E68                     __ptext14:
   993                           	opt stack 0
   994  007E68                     _five:
   995                           	opt stack 26
   996                           
   997                           ;main.c: 209: LATB3 = 1;
   998                           
   999                           ;incstack = 0
  1000  007E68  868A               	bsf	3978,3,c	;volatile
  1001                           
  1002                           ;main.c: 210: LATB4 = 0;
  1003  007E6A  988A               	bcf	3978,4,c	;volatile
  1004                           
  1005                           ;main.c: 211: LATB5 = 1;
  1006  007E6C  8A8A               	bsf	3978,5,c	;volatile
  1007                           
  1008                           ;main.c: 212: LATB6 = 0;
  1009  007E6E  9C8A               	bcf	3978,6,c	;volatile
  1010  007E70  0012               	return	
  1011  007E72                     __end_of_five:
  1012                           	opt stack 0
  1013                           
  1014 ;; *************** function _eight *****************
  1015 ;; Defined at:
  1016 ;;		line 229 in file "main.c"
  1017 ;; Parameters:    Size  Location     Type
  1018 ;;		None
  1019 ;; Auto vars:     Size  Location     Type
  1020 ;;		None
  1021 ;; Return value:  Size  Location     Type
  1022 ;;		None               void
  1023 ;; Registers used:
  1024 ;;		None
  1025 ;; Tracked objects:
  1026 ;;		On entry : 0/0
  1027 ;;		On exit  : 0/0
  1028 ;;		Unchanged: 0/0
  1029 ;; Data sizes:     COMRAM   BANK0   BANK1   BANK2   BANK3   BANK4   BANK5   BANK6   BANK7
  1030 ;;      Params:         0       0       0       0       0       0       0       0       0
  1031 ;;      Locals:         0       0       0       0       0       0       0       0       0
  1032 ;;      Temps:          0       0       0       0       0       0       0       0       0
  1033 ;;      Totals:         0       0       0       0       0       0       0       0       0
  1034 ;;Total ram usage:        0 bytes
  1035 ;; Hardware stack levels used:    1
  1036 ;; This function calls:
  1037 ;;		Nothing
  1038 ;; This function is called by:
  1039 ;;		_oneToNine
  1040 ;; This function uses a non-reentrant model
  1041 ;;
  1042                           
  1043                           	psect	text15
  1044  007E5E                     __ptext15:
  1045                           	opt stack 0
  1046  007E5E                     _eight:
  1047                           	opt stack 26
  1048                           
  1049                           ;main.c: 230: LATB3 = 0;
  1050                           
  1051                           ;incstack = 0
  1052  007E5E  968A               	bcf	3978,3,c	;volatile
  1053                           
  1054                           ;main.c: 231: LATB4 = 0;
  1055  007E60  988A               	bcf	3978,4,c	;volatile
  1056                           
  1057                           ;main.c: 232: LATB5 = 0;
  1058  007E62  9A8A               	bcf	3978,5,c	;volatile
  1059                           
  1060                           ;main.c: 233: LATB6 = 1;
  1061  007E64  8C8A               	bsf	3978,6,c	;volatile
  1062  007E66  0012               	return	
  1063  007E68                     __end_of_eight:
  1064                           	opt stack 0
  1065                           
  1066 ;; *************** function _Delay1Second *****************
  1067 ;; Defined at:
  1068 ;;		line 251 in file "main.c"
  1069 ;; Parameters:    Size  Location     Type
  1070 ;;  interval        2    0[COMRAM] int 
  1071 ;; Auto vars:     Size  Location     Type
  1072 ;;		None
  1073 ;; Return value:  Size  Location     Type
  1074 ;;		None               void
  1075 ;; Registers used:
  1076 ;;		wreg, status,2, status,0
  1077 ;; Tracked objects:
  1078 ;;		On entry : 0/0
  1079 ;;		On exit  : 0/0
  1080 ;;		Unchanged: 0/0
  1081 ;; Data sizes:     COMRAM   BANK0   BANK1   BANK2   BANK3   BANK4   BANK5   BANK6   BANK7
  1082 ;;      Params:         2       0       0       0       0       0       0       0       0
  1083 ;;      Locals:         0       0       0       0       0       0       0       0       0
  1084 ;;      Temps:          1       0       0       0       0       0       0       0       0
  1085 ;;      Totals:         3       0       0       0       0       0       0       0       0
  1086 ;;Total ram usage:        3 bytes
  1087 ;; Hardware stack levels used:    1
  1088 ;; This function calls:
  1089 ;;		Nothing
  1090 ;; This function is called by:
  1091 ;;		_yallowLight
  1092 ;;		_oneToNine
  1093 ;; This function uses a non-reentrant model
  1094 ;;
  1095                           
  1096                           	psect	text16
  1097  007F3C                     __ptext16:
  1098                           	opt stack 0
  1099  007F3C                     _Delay1Second:
  1100                           	opt stack 26
  1101                           
  1102                           ;main.c: 253: for(i=0;i<interval;i++)
  1103                           
  1104                           ;incstack = 0
  1105  007F3C  0E00               	movlw	0
  1106  007F3E  6E0A               	movwf	_i+1,c
  1107  007F40  0E00               	movlw	0
  1108  007F42  6E09               	movwf	_i,c
  1109  007F44  D009               	goto	l115
  1110  007F46                     l696:
  1111                           
  1112                           ;main.c: 254: _delay((unsigned long)((10)*(1000000/4000.0)));
  1113  007F46  0E04               	movlw	4
  1114  007F48  6E03               	movwf	??_Delay1Second& (0+255),c
  1115  007F4A  0E3E               	movlw	62
  1116  007F4C                     u47:
  1117  007F4C  2EE8               	decfsz	wreg,f,c
  1118  007F4E  D7FE               	goto	u47
  1119  007F50  2E03               	decfsz	??_Delay1Second& (0+255),f,c
  1120  007F52  D7FC               	goto	u47
  1121  007F54  4A09               	infsnz	_i,f,c
  1122  007F56  2A0A               	incf	_i+1,f,c
  1123  007F58                     l115:
  1124  007F58  500A               	movf	_i+1,w,c
  1125  007F5A  0A80               	xorlw	128
  1126  007F5C  6E03               	movwf	??_Delay1Second& (0+255),c
  1127  007F5E  5001               	movf	Delay1Second@interval,w,c
  1128  007F60  5C09               	subwf	_i,w,c
  1129  007F62  5002               	movf	Delay1Second@interval+1,w,c
  1130  007F64  0A80               	xorlw	128
  1131  007F66  5803               	subwfb	??_Delay1Second& (0+255),w,c
  1132  007F68  B0D8               	btfsc	status,0,c
  1133  007F6A  0012               	return	
  1134  007F6C  D7EC               	goto	l696
  1135  007F6E                     __end_of_Delay1Second:
  1136                           	opt stack 0
  1137  0000                     wreg	equ	0xFE8
  1138                           status	equ	0xFD8
  1139                           wreg	equ	0xFE8
  1140                           status	equ	0xFD8
  1141                           
  1142                           	psect	rparam
  1143  0000                     wreg	equ	0xFE8
  1144                           status	equ	0xFD8


Data Sizes:
    Strings     0
    Constant    0
    Data        0
    BSS         2
    Persistent  0
    Stack       0

Auto Spaces:
    Space          Size  Autos    Used
    COMRAM           95      8      10
    BANK0           160      0       0
    BANK1           256      0       0
    BANK2           256      0       0
    BANK3           256      0       0
    BANK4           256      0       0
    BANK5           256      0       0
    BANK6           256      0       0
    BANK7           256      0       0

Pointer List with Targets:

    None.

Critical Paths under _main in COMRAM

    _yallowLight->_Delay1Second
    _oneToNine->_Delay1Second

Critical Paths under _main in BANK0

    None.

Critical Paths under _main in BANK1

    None.

Critical Paths under _main in BANK2

    None.

Critical Paths under _main in BANK3

    None.

Critical Paths under _main in BANK4

    None.

Critical Paths under _main in BANK5

    None.

Critical Paths under _main in BANK6

    None.

Critical Paths under _main in BANK7

    None.

Call Graph Tables:

 ---------------------------------------------------------------------------------
 (Depth) Function   	        Calls       Base Space   Used Autos Params    Refs
 ---------------------------------------------------------------------------------
 (0) _main                                                 5     0      5    1775
                                              3 COMRAM     5     0      5
                            _roadOne
                            _roadTwo
                        _yallowLight
 ---------------------------------------------------------------------------------
 (1) _yallowLight                                          0     0      0    1065
                       _Delay1Second
                      _isInterrupted
                               _zero
 ---------------------------------------------------------------------------------
 (2) _isInterrupted                                        0     0      0     710
                            _roadOne
                            _roadTwo
                               _zero
 ---------------------------------------------------------------------------------
 (2) _zero                                                 0     0      0       0
 ---------------------------------------------------------------------------------
 (3) _roadTwo                                              0     0      0     355
                          _oneToNine
 ---------------------------------------------------------------------------------
 (3) _roadOne                                              0     0      0     355
                          _oneToNine
 ---------------------------------------------------------------------------------
 (4) _oneToNine                                            0     0      0     355
                       _Delay1Second
                              _eight
                               _five
                               _four
                               _nine
                                _one
                              _seven
                                _six
                              _three
                                _two
 ---------------------------------------------------------------------------------
 (5) _two                                                  0     0      0       0
 ---------------------------------------------------------------------------------
 (5) _three                                                0     0      0       0
 ---------------------------------------------------------------------------------
 (5) _six                                                  0     0      0       0
 ---------------------------------------------------------------------------------
 (5) _seven                                                0     0      0       0
 ---------------------------------------------------------------------------------
 (5) _one                                                  0     0      0       0
 ---------------------------------------------------------------------------------
 (5) _nine                                                 0     0      0       0
 ---------------------------------------------------------------------------------
 (5) _four                                                 0     0      0       0
 ---------------------------------------------------------------------------------
 (5) _five                                                 0     0      0       0
 ---------------------------------------------------------------------------------
 (5) _eight                                                0     0      0       0
 ---------------------------------------------------------------------------------
 (5) _Delay1Second                                         3     1      2     355
                                              0 COMRAM     3     1      2
 ---------------------------------------------------------------------------------
 Estimated maximum stack depth 5
 ---------------------------------------------------------------------------------

 Call Graph Graphs:

 _main (ROOT)
   _roadOne
     _oneToNine
       _Delay1Second
       _eight
       _five
       _four
       _nine
       _one
       _seven
       _six
       _three
       _two
   _roadTwo
     _oneToNine
       _Delay1Second
       _eight
       _five
       _four
       _nine
       _one
       _seven
       _six
       _three
       _two
   _yallowLight
     _Delay1Second
     _isInterrupted
       _roadOne
         _oneToNine
           _Delay1Second
           _eight
           _five
           _four
           _nine
           _one
           _seven
           _six
           _three
           _two
       _roadTwo
         _oneToNine
           _Delay1Second
           _eight
           _five
           _four
           _nine
           _one
           _seven
           _six
           _three
           _two
       _zero
     _zero

 Address spaces:
Name               Size   Autos  Total    Cost      Usage
BIGRAM             7FF      0       0      21        0.0%
EEDATA             100      0       0       0        0.0%
BITBANK7           100      0       0      18        0.0%
BANK7              100      0       0      19        0.0%
BITBANK6           100      0       0      16        0.0%
BANK6              100      0       0      17        0.0%
BITBANK5           100      0       0      14        0.0%
BANK5              100      0       0      15        0.0%
BITBANK4           100      0       0      12        0.0%
BANK4              100      0       0      13        0.0%
BITBANK3           100      0       0      10        0.0%
BANK3              100      0       0      11        0.0%
BITBANK2           100      0       0       8        0.0%
BANK2              100      0       0       9        0.0%
BITBANK1           100      0       0       6        0.0%
BANK1              100      0       0       7        0.0%
BITBANK0            A0      0       0       4        0.0%
BANK0               A0      0       0       5        0.0%
BITCOMRAM           5F      0       0       0        0.0%
COMRAM              5F      8       A       1       10.5%
BITSFR               0      0       0      40        0.0%
SFR                  0      0       0      40        0.0%
STACK                0      0       0       2        0.0%
NULL                 0      0       0       0        0.0%
ABS                  0      0       A      20        0.0%
DATA                 0      0       A       3        0.0%
CODE                 0      0       0       0        0.0%


Microchip Technology PIC18 Macro Assembler V1.32 build 58300 
Symbol Table                                                                                   Fri Sep 05 11:31:15 2014

                      _i 0009                       l70 7F08                       l73 7F14  
                     u47 7F4C              __CFG_BOR$ON 000000              __CFG_BORV$3 000000  
           __CFG_CP0$OFF 000000             __CFG_CP1$OFF 000000             __CFG_CP2$OFF 000000  
           __CFG_CP3$OFF 000000              __CFG_LVP$ON 000000              __CFG_WDT$ON 000000  
                    l115 7F58                      l780 7F2A                      l696 7F46  
           __CFG_CPB$OFF 000000             __CFG_CPD$OFF 000000                      _one 7E86  
                    _six 7E9A                      _two 7EAE                      wreg 000FE8  
         ?_isInterrupted 0001                     ?_one 0001                     ?_six 0001  
                   ?_two 0001                     _five 7E68                     _main 7F16  
                   _four 7E72                     _nine 7E7C                     _zero 7ECC  
                   start 0000            __CFG_IESO$OFF 000000                    ??_one 0001  
                  ??_six 0001                    ??_two 0001            __CFG_PLLDIV$1 000000  
         __CFG_CCP2MX$ON 000000                    ?_five 0001                    ?_main 0004  
                  ?_four 0001                    ?_nine 0001                    ?_zero 0001  
                  _LATB0 007C50                    _LATB1 007C51                    _LATB2 007C52  
                  _LATB3 007C53                    _LATB4 007C54                    _LATB5 007C55  
                  _LATB6 007C56            __CFG_USBDIV$1 000000            __CFG_PWRT$OFF 000000  
          __CFG_WRT0$OFF 000000            __CFG_WRT1$OFF 000000            __CFG_WRT2$OFF 000000  
          __CFG_WRT3$OFF 000000           __CFG_EBTR0$OFF 000000           __CFG_FCMEN$OFF 000000  
         __CFG_EBTR1$OFF 000000           __CFG_EBTR2$OFF 000000           __CFG_EBTR3$OFF 000000  
          __CFG_WRTB$OFF 000000            __CFG_WRTC$OFF 000000            __CFG_WRTD$OFF 000000  
         __CFG_EBTRB$OFF 000000                    _eight 7E5E                    _seven 7E90  
                  _three 7EA4          __end_of_roadOne 7EC2          __end_of_roadTwo 7ECC  
                  status 000FD8           __CFG_ICPRT$OFF 000000    __size_of_Delay1Second 0032  
         __CFG_PBADEN$ON 000000           __CFG_MCLRE$OFF 000000          __initialization 7ED6  
           __end_of_five 7E72             __end_of_main 7F3C             __end_of_four 7E7C  
           __end_of_nine 7E86             __end_of_zero 7ED6                   ??_five 0001  
                 ??_main 0009                   ??_four 0001                   ??_nine 0001  
                 ??_zero 0001            __activetblptr 000000          ??_isInterrupted 0004  
                 ?_eight 0001                   _ADCON1 000FC1             _Delay1Second 7F3C  
                 ?_seven 0001                   ?_three 0001           __CFG_XINST$OFF 000000  
         __CFG_STVREN$ON 000000                ??_roadOne 0004                ??_roadTwo 0004  
        __CFG_FOSC$EC_EC 000000               __accesstop 0060  __end_of__initialization 7EDA  
           ?_yallowLight 0001           __pcstackCOMRAM 0001            __end_of_eight 7E68  
          __end_of_seven 7E9A            __end_of_three 7EAE                  ??_eight 0001  
                ??_seven 0001                  ??_three 0001       __size_of_oneToNine 0092  
        __CFG_VREGEN$OFF 000000                  __Hparam 0000                  __Lparam 0000  
                __pcinit 7ED6                  __ramtop 0800                  __ptext0 7F16  
                __ptext1 7EE0                  __ptext2 7EFA                  __ptext3 7ECC  
                __ptext4 7EC2                  __ptext5 7EB8                  __ptext6 7F6E  
                __ptext7 7EAE                  __ptext8 7EA4                  __ptext9 7E9A  
           __size_of_one 000A             __size_of_six 000A             __size_of_two 000A  
                _roadOne 7EB8        __end_of_oneToNine 8000                  _roadTwo 7EC2  
   end_of_initialization 7EDA     __size_of_yallowLight 001A                _PORTAbits 000F80  
              _TRISAbits 000F92                _TRISBbits 000F93    __end_of_isInterrupted 7F16  
    start_initialization 7ED6              __end_of_one 7E90              __end_of_six 7EA4  
            __end_of_two 7EB8         __CFG_LPT1OSC$OFF 000000              __pbssCOMRAM 0009  
               ?_roadOne 0001                 ?_roadTwo 0001           __size_of_eight 000A  
          ?_Delay1Second 0001           __size_of_seven 000A           __size_of_three 000A  
              _oneToNine 7F6E         __CFG_WDTPS$32768 000000           ??_Delay1Second 0003  
             ?_oneToNine 0001                 __Hrparam 0000            ??_yallowLight 0004  
               __Lrparam 0000         __size_of_roadOne 000A         __size_of_roadTwo 000A  
               __ptext10 7E90                 __ptext11 7E86                 __ptext12 7E7C  
               __ptext13 7E72                 __ptext14 7E68                 __ptext15 7E5E  
               __ptext16 7F3C            __size_of_five 000A            __size_of_main 0026  
          __size_of_four 000A            __size_of_nine 000A            __size_of_zero 000A  
               main@argc 0004                 main@argv 0006   __size_of_isInterrupted 001C  
    __end_of_yallowLight 7EFA    __CFG_CPUDIV$OSC1_PLL2 000000              ??_oneToNine 0004  
   Delay1Second@interval 0001     __end_of_Delay1Second 7F6E            _isInterrupted 7EFA  
            _yallowLight 7EE0  
